----------

Sun Feb 21 2021 21:35:15 GMT+0530 (India Standard Time)

warning: LF will be replaced by CRLF in assets/bootstrap/css/bootstrap.min.css.
The file will have its original line endings in your working directory


----------

Sun Feb 21 2021 21:35:15 GMT+0530 (India Standard Time)

warning: LF will be replaced by CRLF in assets/bootstrap/js/bootstrap.min.js.
The file will have its original line endings in your working directory
warning: LF will be replaced by CRLF in assets/css/Contact-Form-Clean.css.
The file will have its original line endings in your working directory
warning: LF will be replaced by CRLF in assets/css/Footer-Clean.css.
The file will have its original line endings in your working directory
warning: LF will be replaced by CRLF in assets/css/Header-Dark.css.
The file will have its original line endings in your working directory
warning: LF will be replaced by CRLF in assets/css/Navigation-Clean.css.
The file will have its original line endings in your working directory


----------

Sun Feb 21 2021 21:35:15 GMT+0530 (India Standard Time)

warning: LF will be replaced by CRLF in assets/css/Simple-Slider.css.
The file will have its original line endings in your working directory


----------

Sun Feb 21 2021 21:35:15 GMT+0530 (India Standard Time)

warning: LF will be replaced by CRLF in assets/css/Social-Icons.css.
The file will have its original line endings in your working directory


----------

Sun Feb 21 2021 21:35:16 GMT+0530 (India Standard Time)

warning: LF will be replaced by CRLF in assets/fonts/ionicons.min.css.
The file will have its original line endings in your working directory


----------

Sun Feb 21 2021 21:35:16 GMT+0530 (India Standard Time)

warning: LF will be replaced by CRLF in assets/fonts/ionicons.svg.
The file will have its original line endings in your working directory


----------

Sun Feb 21 2021 21:35:19 GMT+0530 (India Standard Time)

warning: LF will be replaced by CRLF in assets/js/Simple-Slider.js.
The file will have its original line endings in your working directory


----------

Sun Feb 21 2021 21:35:19 GMT+0530 (India Standard Time)

warning: LF will be replaced by CRLF in assets/js/bs-init.js.
The file will have its original line endings in your working directory


----------

Sun Feb 21 2021 21:35:19 GMT+0530 (India Standard Time)

warning: LF will be replaced by CRLF in assets/js/smart-forms.min.js.
The file will have its original line endings in your working directory


----------

Sun Feb 21 2021 21:35:19 GMT+0530 (India Standard Time)

warning: LF will be replaced by CRLF in index.html.
The file will have its original line endings in your working directory


----------

Sun Feb 21 2021 21:35:31 GMT+0530 (India Standard Time)

To https://github.com/adititewari13/adititewari13.github.io
   03663c8..e0fd4c8  main -> main


